<?xml version="1.0" encoding="UTF-8"?>
<testng-results ignored="0" total="2" passed="2" failed="0" skipped="0">
  <reporter-output>
  </reporter-output>
  <suite started-at="2025-07-23T16:49:54 IST" name="Default suite" finished-at="2025-07-23T16:50:09 IST" duration-ms="15209">
    <groups>
    </groups>
    <test started-at="2025-07-23T16:49:54 IST" name="Default test" finished-at="2025-07-23T16:50:09 IST" duration-ms="15209">
      <class name="locators7.Practise_Loc">
        <test-method is-config="true" signature="beforeTest()[pri:0, instance:locators7.Practise_Loc@7eac9008]" started-at="2025-07-23T16:49:54 IST" name="beforeTest" finished-at="2025-07-23T16:50:01 IST" duration-ms="6412" status="PASS">
          <reporter-output>
          </reporter-output>
        </test-method> <!-- beforeTest -->
        <test-method signature="id()[pri:0, instance:locators7.Practise_Loc@7eac9008]" started-at="2025-07-23T16:50:01 IST" name="id" finished-at="2025-07-23T16:50:03 IST" duration-ms="2165" status="PASS">
          <reporter-output>
          </reporter-output>
        </test-method> <!-- id -->
        <test-method signature="locat()[pri:0, instance:locators7.Practise_Loc@7eac9008]" started-at="2025-07-23T16:50:03 IST" name="locat" finished-at="2025-07-23T16:50:09 IST" duration-ms="6503" status="PASS">
          <reporter-output>
          </reporter-output>
        </test-method> <!-- locat -->
      </class> <!-- locators7.Practise_Loc -->
    </test> <!-- Default test -->
  </suite> <!-- Default suite -->
</testng-results>
